{"D:\\studies\\GoBarber-mobile\\src\\components\\Button\\index.tsx": {"path":"D:\\studies\\GoBarber-mobile\\src\\components\\Button\\index.tsx","statementMap":{"0":{"start":{"line":9,"column":38},"end":{"line":13,"column":1}},"1":{"start":{"line":10,"column":2},"end":{"line":12,"column":14}}},"fnMap":{"0":{"name":"(anonymous_0)","decl":{"start":{"line":9,"column":38},"end":{"line":9,"column":39}},"loc":{"start":{"line":10,"column":2},"end":{"line":12,"column":14}},"line":10}},"branchMap":{},"s":{"0":1,"1":1},"f":{"0":1},"b":{},"_coverageSchema":"43e27e138ebf9cfc5966b082cf9a028302ed4184","hash":"a3acee25c52d574304b60a3dfc5e2b51403ca5e5"}
,"D:\\studies\\GoBarber-mobile\\src\\components\\Input\\index.tsx": {"path":"D:\\studies\\GoBarber-mobile\\src\\components\\Input\\index.tsx","statementMap":{"0":{"start":{"line":24,"column":66},"end":{"line":82,"column":1}},"1":{"start":{"line":28,"column":26},"end":{"line":28,"column":43}},"2":{"start":{"line":29,"column":65},"end":{"line":29,"column":79}},"3":{"start":{"line":30,"column":24},"end":{"line":30,"column":77}},"4":{"start":{"line":31,"column":36},"end":{"line":31,"column":51}},"5":{"start":{"line":32,"column":34},"end":{"line":32,"column":49}},"6":{"start":{"line":33,"column":27},"end":{"line":35,"column":8}},"7":{"start":{"line":34,"column":4},"end":{"line":34,"column":23}},"8":{"start":{"line":36,"column":26},"end":{"line":39,"column":8}},"9":{"start":{"line":37,"column":4},"end":{"line":37,"column":24}},"10":{"start":{"line":38,"column":4},"end":{"line":38,"column":47}},"11":{"start":{"line":40,"column":2},"end":{"line":44,"column":6}},"12":{"start":{"line":40,"column":34},"end":{"line":44,"column":3}},"13":{"start":{"line":42,"column":6},"end":{"line":42,"column":38}},"14":{"start":{"line":45,"column":2},"end":{"line":59,"column":33}},"15":{"start":{"line":46,"column":4},"end":{"line":58,"column":7}},"16":{"start":{"line":51,"column":8},"end":{"line":51,"column":44}},"17":{"start":{"line":52,"column":8},"end":{"line":52,"column":64}},"18":{"start":{"line":55,"column":8},"end":{"line":55,"column":41}},"19":{"start":{"line":56,"column":8},"end":{"line":56,"column":40}},"20":{"start":{"line":61,"column":2},"end":{"line":81,"column":4}},"21":{"start":{"line":76,"column":10},"end":{"line":76,"column":46}}},"fnMap":{"0":{"name":"(anonymous_0)","decl":{"start":{"line":24,"column":66},"end":{"line":24,"column":67}},"loc":{"start":{"line":27,"column":5},"end":{"line":82,"column":1}},"line":27},"1":{"name":"(anonymous_1)","decl":{"start":{"line":33,"column":39},"end":{"line":33,"column":40}},"loc":{"start":{"line":33,"column":45},"end":{"line":35,"column":3}},"line":33},"2":{"name":"(anonymous_2)","decl":{"start":{"line":36,"column":38},"end":{"line":36,"column":39}},"loc":{"start":{"line":36,"column":44},"end":{"line":39,"column":3}},"line":36},"3":{"name":"(anonymous_3)","decl":{"start":{"line":40,"column":27},"end":{"line":40,"column":28}},"loc":{"start":{"line":40,"column":34},"end":{"line":44,"column":3}},"line":40},"4":{"name":"(anonymous_4)","decl":{"start":{"line":41,"column":4},"end":{"line":41,"column":5}},"loc":{"start":{"line":41,"column":12},"end":{"line":43,"column":5}},"line":41},"5":{"name":"(anonymous_5)","decl":{"start":{"line":45,"column":12},"end":{"line":45,"column":13}},"loc":{"start":{"line":45,"column":18},"end":{"line":59,"column":3}},"line":45},"6":{"name":"(anonymous_6)","decl":{"start":{"line":50,"column":6},"end":{"line":50,"column":7}},"loc":{"start":{"line":50,"column":22},"end":{"line":53,"column":7}},"line":50},"7":{"name":"(anonymous_7)","decl":{"start":{"line":54,"column":6},"end":{"line":54,"column":7}},"loc":{"start":{"line":54,"column":19},"end":{"line":57,"column":7}},"line":54},"8":{"name":"(anonymous_8)","decl":{"start":{"line":75,"column":22},"end":{"line":75,"column":23}},"loc":{"start":{"line":75,"column":33},"end":{"line":77,"column":9}},"line":75}},"branchMap":{"0":{"loc":{"start":{"line":25,"column":16},"end":{"line":25,"column":35}},"type":"default-arg","locations":[{"start":{"line":25,"column":33},"end":{"line":25,"column":35}}],"line":25},"1":{"loc":{"start":{"line":29,"column":25},"end":{"line":29,"column":42}},"type":"default-arg","locations":[{"start":{"line":29,"column":40},"end":{"line":29,"column":42}}],"line":29},"2":{"loc":{"start":{"line":66,"column":15},"end":{"line":66,"column":60}},"type":"cond-expr","locations":[{"start":{"line":66,"column":39},"end":{"line":66,"column":48}},{"start":{"line":66,"column":51},"end":{"line":66,"column":60}}],"line":66},"3":{"loc":{"start":{"line":66,"column":15},"end":{"line":66,"column":36}},"type":"binary-expr","locations":[{"start":{"line":66,"column":15},"end":{"line":66,"column":24}},{"start":{"line":66,"column":28},"end":{"line":66,"column":36}}],"line":66}},"s":{"0":1,"1":2,"2":2,"3":2,"4":2,"5":2,"6":2,"7":0,"8":2,"9":0,"10":0,"11":2,"12":1,"13":0,"14":2,"15":2,"16":0,"17":0,"18":0,"19":0,"20":2,"21":0},"f":{"0":2,"1":0,"2":0,"3":1,"4":0,"5":2,"6":0,"7":0,"8":0},"b":{"0":[2],"1":[2],"2":[0,2],"3":[2,2]},"_coverageSchema":"43e27e138ebf9cfc5966b082cf9a028302ed4184","hash":"5f2a2343b79e2fd1208fce3cdfc988dd1a206d2f"}
,"D:\\studies\\GoBarber-mobile\\src\\hooks\\auth.tsx": {"path":"D:\\studies\\GoBarber-mobile\\src\\hooks\\auth.tsx","statementMap":{"0":{"start":{"line":33,"column":20},"end":{"line":33,"column":73}},"1":{"start":{"line":35,"column":31},"end":{"line":90,"column":1}},"2":{"start":{"line":36,"column":26},"end":{"line":36,"column":62}},"3":{"start":{"line":37,"column":32},"end":{"line":37,"column":46}},"4":{"start":{"line":38,"column":2},"end":{"line":51,"column":9}},"5":{"start":{"line":40,"column":28},"end":{"line":43,"column":8}},"6":{"start":{"line":44,"column":6},"end":{"line":47,"column":7}},"7":{"start":{"line":45,"column":8},"end":{"line":45,"column":66}},"8":{"start":{"line":46,"column":8},"end":{"line":46,"column":64}},"9":{"start":{"line":48,"column":6},"end":{"line":48,"column":24}},"10":{"start":{"line":50,"column":4},"end":{"line":50,"column":23}},"11":{"start":{"line":52,"column":17},"end":{"line":68,"column":8}},"12":{"start":{"line":53,"column":21},"end":{"line":56,"column":6}},"13":{"start":{"line":57,"column":28},"end":{"line":57,"column":41}},"14":{"start":{"line":59,"column":4},"end":{"line":62,"column":7}},"15":{"start":{"line":63,"column":4},"end":{"line":63,"column":59}},"16":{"start":{"line":64,"column":4},"end":{"line":67,"column":7}},"17":{"start":{"line":69,"column":18},"end":{"line":72,"column":8}},"18":{"start":{"line":70,"column":4},"end":{"line":70,"column":74}},"19":{"start":{"line":71,"column":4},"end":{"line":71,"column":29}},"20":{"start":{"line":73,"column":21},"end":{"line":82,"column":3}},"21":{"start":{"line":75,"column":6},"end":{"line":75,"column":73}},"22":{"start":{"line":76,"column":6},"end":{"line":79,"column":9}},"23":{"start":{"line":83,"column":2},"end":{"line":89,"column":4}},"24":{"start":{"line":92,"column":18},"end":{"line":92,"column":41}},"25":{"start":{"line":93,"column":2},"end":{"line":95,"column":3}},"26":{"start":{"line":94,"column":4},"end":{"line":94,"column":67}},"27":{"start":{"line":96,"column":2},"end":{"line":96,"column":17}}},"fnMap":{"0":{"name":"(anonymous_0)","decl":{"start":{"line":35,"column":31},"end":{"line":35,"column":32}},"loc":{"start":{"line":35,"column":49},"end":{"line":90,"column":1}},"line":35},"1":{"name":"(anonymous_1)","decl":{"start":{"line":38,"column":12},"end":{"line":38,"column":13}},"loc":{"start":{"line":38,"column":18},"end":{"line":51,"column":3}},"line":38},"2":{"name":"loadStoragedData","decl":{"start":{"line":39,"column":19},"end":{"line":39,"column":35}},"loc":{"start":{"line":39,"column":53},"end":{"line":49,"column":5}},"line":39},"3":{"name":"(anonymous_3)","decl":{"start":{"line":52,"column":29},"end":{"line":52,"column":30}},"loc":{"start":{"line":52,"column":60},"end":{"line":68,"column":3}},"line":52},"4":{"name":"(anonymous_4)","decl":{"start":{"line":69,"column":30},"end":{"line":69,"column":31}},"loc":{"start":{"line":69,"column":42},"end":{"line":72,"column":3}},"line":69},"5":{"name":"(anonymous_5)","decl":{"start":{"line":74,"column":4},"end":{"line":74,"column":5}},"loc":{"start":{"line":74,"column":26},"end":{"line":80,"column":5}},"line":74},"6":{"name":"useAuth","decl":{"start":{"line":91,"column":9},"end":{"line":91,"column":16}},"loc":{"start":{"line":91,"column":36},"end":{"line":97,"column":1}},"line":91}},"branchMap":{"0":{"loc":{"start":{"line":44,"column":6},"end":{"line":47,"column":7}},"type":"if","locations":[{"start":{"line":44,"column":6},"end":{"line":47,"column":7}},{"start":{"line":44,"column":6},"end":{"line":47,"column":7}}],"line":44},"1":{"loc":{"start":{"line":44,"column":10},"end":{"line":44,"column":29}},"type":"binary-expr","locations":[{"start":{"line":44,"column":10},"end":{"line":44,"column":18}},{"start":{"line":44,"column":22},"end":{"line":44,"column":29}}],"line":44},"2":{"loc":{"start":{"line":93,"column":2},"end":{"line":95,"column":3}},"type":"if","locations":[{"start":{"line":93,"column":2},"end":{"line":95,"column":3}},{"start":{"line":93,"column":2},"end":{"line":95,"column":3}}],"line":93}},"s":{"0":1,"1":1,"2":0,"3":0,"4":0,"5":0,"6":0,"7":0,"8":0,"9":0,"10":0,"11":0,"12":0,"13":0,"14":0,"15":0,"16":0,"17":0,"18":0,"19":0,"20":0,"21":0,"22":0,"23":0,"24":1,"25":1,"26":0,"27":1},"f":{"0":0,"1":0,"2":0,"3":0,"4":0,"5":0,"6":1},"b":{"0":[0,0],"1":[0,0],"2":[0,1]},"_coverageSchema":"43e27e138ebf9cfc5966b082cf9a028302ed4184","hash":"93e37414f588fbdae137969b1be9b4b7e8549e64"}
,"D:\\studies\\GoBarber-mobile\\src\\pages\\AppointmentCreated\\index.tsx": {"path":"D:\\studies\\GoBarber-mobile\\src\\pages\\AppointmentCreated\\index.tsx","statementMap":{"0":{"start":{"line":17,"column":37},"end":{"line":51,"column":1}},"1":{"start":{"line":18,"column":20},"end":{"line":18,"column":35}},"2":{"start":{"line":19,"column":21},"end":{"line":19,"column":31}},"3":{"start":{"line":20,"column":22},"end":{"line":20,"column":43}},"4":{"start":{"line":21,"column":26},"end":{"line":33,"column":13}},"5":{"start":{"line":22,"column":4},"end":{"line":32,"column":7}},"6":{"start":{"line":34,"column":24},"end":{"line":40,"column":24}},"7":{"start":{"line":35,"column":4},"end":{"line":39,"column":6}},"8":{"start":{"line":41,"column":2},"end":{"line":50,"column":4}}},"fnMap":{"0":{"name":"(anonymous_0)","decl":{"start":{"line":17,"column":37},"end":{"line":17,"column":38}},"loc":{"start":{"line":17,"column":43},"end":{"line":51,"column":1}},"line":17},"1":{"name":"(anonymous_1)","decl":{"start":{"line":21,"column":38},"end":{"line":21,"column":39}},"loc":{"start":{"line":21,"column":44},"end":{"line":33,"column":3}},"line":21},"2":{"name":"(anonymous_2)","decl":{"start":{"line":34,"column":32},"end":{"line":34,"column":33}},"loc":{"start":{"line":34,"column":38},"end":{"line":40,"column":3}},"line":34}},"branchMap":{},"s":{"0":0,"1":0,"2":0,"3":0,"4":0,"5":0,"6":0,"7":0,"8":0},"f":{"0":0,"1":0,"2":0},"b":{},"hash":"08089c523522d6cfb2e8fc970b9eecea5d3e8f52"}
,"D:\\studies\\GoBarber-mobile\\src\\pages\\CreateAppointment\\index.tsx": {"path":"D:\\studies\\GoBarber-mobile\\src\\pages\\CreateAppointment\\index.tsx","statementMap":{"0":{"start":{"line":47,"column":36},"end":{"line":238,"column":1}},"1":{"start":{"line":48,"column":19},"end":{"line":48,"column":28}},"2":{"start":{"line":49,"column":16},"end":{"line":49,"column":26}},"3":{"start":{"line":50,"column":31},"end":{"line":50,"column":46}},"4":{"start":{"line":52,"column":22},"end":{"line":52,"column":49}},"5":{"start":{"line":53,"column":42},"end":{"line":53,"column":74}},"6":{"start":{"line":54,"column":46},"end":{"line":54,"column":61}},"7":{"start":{"line":55,"column":42},"end":{"line":55,"column":62}},"8":{"start":{"line":56,"column":42},"end":{"line":56,"column":53}},"9":{"start":{"line":57,"column":36},"end":{"line":57,"column":60}},"10":{"start":{"line":58,"column":50},"end":{"line":60,"column":3}},"11":{"start":{"line":61,"column":2},"end":{"line":65,"column":9}},"12":{"start":{"line":62,"column":4},"end":{"line":64,"column":7}},"13":{"start":{"line":63,"column":6},"end":{"line":63,"column":34}},"14":{"start":{"line":67,"column":2},"end":{"line":79,"column":39}},"15":{"start":{"line":68,"column":4},"end":{"line":78,"column":9}},"16":{"start":{"line":77,"column":8},"end":{"line":77,"column":39}},"17":{"start":{"line":81,"column":23},"end":{"line":83,"column":14}},"18":{"start":{"line":82,"column":4},"end":{"line":82,"column":13}},"19":{"start":{"line":84,"column":31},"end":{"line":86,"column":8}},"20":{"start":{"line":85,"column":4},"end":{"line":85,"column":36}},"21":{"start":{"line":87,"column":33},"end":{"line":89,"column":8}},"22":{"start":{"line":88,"column":4},"end":{"line":88,"column":41}},"23":{"start":{"line":88,"column":33},"end":{"line":88,"column":39}},"24":{"start":{"line":90,"column":28},"end":{"line":100,"column":3}},"25":{"start":{"line":92,"column":6},"end":{"line":94,"column":7}},"26":{"start":{"line":93,"column":8},"end":{"line":93,"column":33}},"27":{"start":{"line":95,"column":6},"end":{"line":97,"column":7}},"28":{"start":{"line":96,"column":8},"end":{"line":96,"column":30}},"29":{"start":{"line":101,"column":27},"end":{"line":103,"column":8}},"30":{"start":{"line":102,"column":4},"end":{"line":102,"column":26}},"31":{"start":{"line":104,"column":30},"end":{"line":114,"column":20}},"32":{"start":{"line":105,"column":4},"end":{"line":113,"column":9}},"33":{"start":{"line":106,"column":28},"end":{"line":106,"column":37}},"34":{"start":{"line":108,"column":8},"end":{"line":112,"column":10}},"35":{"start":{"line":115,"column":32},"end":{"line":125,"column":20}},"36":{"start":{"line":116,"column":4},"end":{"line":124,"column":9}},"37":{"start":{"line":117,"column":28},"end":{"line":117,"column":38}},"38":{"start":{"line":119,"column":8},"end":{"line":123,"column":10}},"39":{"start":{"line":126,"column":34},"end":{"line":144,"column":62}},"40":{"start":{"line":127,"column":4},"end":{"line":143,"column":5}},"41":{"start":{"line":128,"column":19},"end":{"line":128,"column":41}},"42":{"start":{"line":129,"column":6},"end":{"line":129,"column":34}},"43":{"start":{"line":130,"column":6},"end":{"line":130,"column":25}},"44":{"start":{"line":131,"column":6},"end":{"line":134,"column":9}},"45":{"start":{"line":135,"column":6},"end":{"line":137,"column":9}},"46":{"start":{"line":139,"column":6},"end":{"line":142,"column":8}},"47":{"start":{"line":145,"column":2},"end":{"line":237,"column":4}},"48":{"start":{"line":160,"column":40},"end":{"line":160,"column":51}},"49":{"start":{"line":162,"column":14},"end":{"line":170,"column":34}},"50":{"start":{"line":163,"column":31},"end":{"line":163,"column":64}},"51":{"start":{"line":197,"column":16},"end":{"line":207,"column":23}},"52":{"start":{"line":202,"column":33},"end":{"line":202,"column":55}},"53":{"start":{"line":216,"column":18},"end":{"line":226,"column":25}},"54":{"start":{"line":221,"column":35},"end":{"line":221,"column":57}}},"fnMap":{"0":{"name":"(anonymous_0)","decl":{"start":{"line":47,"column":36},"end":{"line":47,"column":37}},"loc":{"start":{"line":47,"column":42},"end":{"line":238,"column":1}},"line":47},"1":{"name":"(anonymous_1)","decl":{"start":{"line":61,"column":12},"end":{"line":61,"column":13}},"loc":{"start":{"line":61,"column":18},"end":{"line":65,"column":3}},"line":61},"2":{"name":"(anonymous_2)","decl":{"start":{"line":62,"column":30},"end":{"line":62,"column":31}},"loc":{"start":{"line":62,"column":44},"end":{"line":64,"column":5}},"line":62},"3":{"name":"(anonymous_3)","decl":{"start":{"line":67,"column":12},"end":{"line":67,"column":13}},"loc":{"start":{"line":67,"column":18},"end":{"line":79,"column":3}},"line":67},"4":{"name":"(anonymous_4)","decl":{"start":{"line":76,"column":12},"end":{"line":76,"column":13}},"loc":{"start":{"line":76,"column":26},"end":{"line":78,"column":7}},"line":76},"5":{"name":"(anonymous_5)","decl":{"start":{"line":81,"column":35},"end":{"line":81,"column":36}},"loc":{"start":{"line":81,"column":41},"end":{"line":83,"column":3}},"line":81},"6":{"name":"(anonymous_6)","decl":{"start":{"line":84,"column":43},"end":{"line":84,"column":44}},"loc":{"start":{"line":84,"column":67},"end":{"line":86,"column":3}},"line":84},"7":{"name":"(anonymous_7)","decl":{"start":{"line":87,"column":45},"end":{"line":87,"column":46}},"loc":{"start":{"line":87,"column":51},"end":{"line":89,"column":3}},"line":87},"8":{"name":"(anonymous_8)","decl":{"start":{"line":88,"column":22},"end":{"line":88,"column":23}},"loc":{"start":{"line":88,"column":33},"end":{"line":88,"column":39}},"line":88},"9":{"name":"(anonymous_9)","decl":{"start":{"line":91,"column":4},"end":{"line":91,"column":5}},"loc":{"start":{"line":91,"column":44},"end":{"line":98,"column":5}},"line":91},"10":{"name":"(anonymous_10)","decl":{"start":{"line":101,"column":39},"end":{"line":101,"column":40}},"loc":{"start":{"line":101,"column":57},"end":{"line":103,"column":3}},"line":101},"11":{"name":"(anonymous_11)","decl":{"start":{"line":104,"column":38},"end":{"line":104,"column":39}},"loc":{"start":{"line":104,"column":44},"end":{"line":114,"column":3}},"line":104},"12":{"name":"(anonymous_12)","decl":{"start":{"line":106,"column":14},"end":{"line":106,"column":15}},"loc":{"start":{"line":106,"column":28},"end":{"line":106,"column":37}},"line":106},"13":{"name":"(anonymous_13)","decl":{"start":{"line":107,"column":11},"end":{"line":107,"column":12}},"loc":{"start":{"line":107,"column":36},"end":{"line":113,"column":7}},"line":107},"14":{"name":"(anonymous_14)","decl":{"start":{"line":115,"column":40},"end":{"line":115,"column":41}},"loc":{"start":{"line":115,"column":46},"end":{"line":125,"column":3}},"line":115},"15":{"name":"(anonymous_15)","decl":{"start":{"line":117,"column":14},"end":{"line":117,"column":15}},"loc":{"start":{"line":117,"column":28},"end":{"line":117,"column":38}},"line":117},"16":{"name":"(anonymous_16)","decl":{"start":{"line":118,"column":11},"end":{"line":118,"column":12}},"loc":{"start":{"line":118,"column":36},"end":{"line":124,"column":7}},"line":118},"17":{"name":"(anonymous_17)","decl":{"start":{"line":126,"column":46},"end":{"line":126,"column":47}},"loc":{"start":{"line":126,"column":58},"end":{"line":144,"column":3}},"line":126},"18":{"name":"(anonymous_18)","decl":{"start":{"line":160,"column":26},"end":{"line":160,"column":27}},"loc":{"start":{"line":160,"column":40},"end":{"line":160,"column":51}},"line":160},"19":{"name":"(anonymous_19)","decl":{"start":{"line":161,"column":24},"end":{"line":161,"column":25}},"loc":{"start":{"line":162,"column":14},"end":{"line":170,"column":34}},"line":162},"20":{"name":"(anonymous_20)","decl":{"start":{"line":163,"column":25},"end":{"line":163,"column":26}},"loc":{"start":{"line":163,"column":31},"end":{"line":163,"column":64}},"line":163},"21":{"name":"(anonymous_21)","decl":{"start":{"line":196,"column":39},"end":{"line":196,"column":40}},"loc":{"start":{"line":197,"column":16},"end":{"line":207,"column":23}},"line":197},"22":{"name":"(anonymous_22)","decl":{"start":{"line":202,"column":27},"end":{"line":202,"column":28}},"loc":{"start":{"line":202,"column":33},"end":{"line":202,"column":55}},"line":202},"23":{"name":"(anonymous_23)","decl":{"start":{"line":215,"column":16},"end":{"line":215,"column":17}},"loc":{"start":{"line":216,"column":18},"end":{"line":226,"column":25}},"line":216},"24":{"name":"(anonymous_24)","decl":{"start":{"line":221,"column":29},"end":{"line":221,"column":30}},"loc":{"start":{"line":221,"column":35},"end":{"line":221,"column":57}},"line":221}},"branchMap":{"0":{"loc":{"start":{"line":92,"column":6},"end":{"line":94,"column":7}},"type":"if","locations":[{"start":{"line":92,"column":6},"end":{"line":94,"column":7}},{"start":{"line":92,"column":6},"end":{"line":94,"column":7}}],"line":92},"1":{"loc":{"start":{"line":95,"column":6},"end":{"line":97,"column":7}},"type":"if","locations":[{"start":{"line":95,"column":6},"end":{"line":97,"column":7}},{"start":{"line":95,"column":6},"end":{"line":97,"column":7}}],"line":95},"2":{"loc":{"start":{"line":181,"column":11},"end":{"line":189,"column":11}},"type":"binary-expr","locations":[{"start":{"line":181,"column":11},"end":{"line":181,"column":25}},{"start":{"line":182,"column":12},"end":{"line":188,"column":14}}],"line":181}},"s":{"0":0,"1":0,"2":0,"3":0,"4":0,"5":0,"6":0,"7":0,"8":0,"9":0,"10":0,"11":0,"12":0,"13":0,"14":0,"15":0,"16":0,"17":0,"18":0,"19":0,"20":0,"21":0,"22":0,"23":0,"24":0,"25":0,"26":0,"27":0,"28":0,"29":0,"30":0,"31":0,"32":0,"33":0,"34":0,"35":0,"36":0,"37":0,"38":0,"39":0,"40":0,"41":0,"42":0,"43":0,"44":0,"45":0,"46":0,"47":0,"48":0,"49":0,"50":0,"51":0,"52":0,"53":0,"54":0},"f":{"0":0,"1":0,"2":0,"3":0,"4":0,"5":0,"6":0,"7":0,"8":0,"9":0,"10":0,"11":0,"12":0,"13":0,"14":0,"15":0,"16":0,"17":0,"18":0,"19":0,"20":0,"21":0,"22":0,"23":0,"24":0},"b":{"0":[0,0],"1":[0,0],"2":[0,0]},"hash":"1d2bf1c8eab7397e423dba33bd23d1e5043a99fb"}
,"D:\\studies\\GoBarber-mobile\\src\\pages\\Dashboard\\index.tsx": {"path":"D:\\studies\\GoBarber-mobile\\src\\pages\\Dashboard\\index.tsx","statementMap":{"0":{"start":{"line":29,"column":28},"end":{"line":86,"column":1}},"1":{"start":{"line":30,"column":36},"end":{"line":30,"column":60}},"2":{"start":{"line":31,"column":28},"end":{"line":31,"column":37}},"3":{"start":{"line":32,"column":23},"end":{"line":32,"column":38}},"4":{"start":{"line":33,"column":2},"end":{"line":37,"column":9}},"5":{"start":{"line":34,"column":4},"end":{"line":36,"column":7}},"6":{"start":{"line":35,"column":6},"end":{"line":35,"column":34}},"7":{"start":{"line":38,"column":28},"end":{"line":40,"column":16}},"8":{"start":{"line":39,"column":4},"end":{"line":39,"column":24}},"9":{"start":{"line":41,"column":38},"end":{"line":46,"column":3}},"10":{"start":{"line":43,"column":6},"end":{"line":43,"column":52}},"11":{"start":{"line":47,"column":2},"end":{"line":85,"column":4}},"12":{"start":{"line":55,"column":38},"end":{"line":55,"column":57}},"13":{"start":{"line":61,"column":36},"end":{"line":61,"column":47}},"14":{"start":{"line":66,"column":10},"end":{"line":81,"column":30}},"15":{"start":{"line":67,"column":27},"end":{"line":67,"column":67}}},"fnMap":{"0":{"name":"(anonymous_0)","decl":{"start":{"line":29,"column":28},"end":{"line":29,"column":29}},"loc":{"start":{"line":29,"column":34},"end":{"line":86,"column":1}},"line":29},"1":{"name":"(anonymous_1)","decl":{"start":{"line":33,"column":12},"end":{"line":33,"column":13}},"loc":{"start":{"line":33,"column":18},"end":{"line":37,"column":3}},"line":33},"2":{"name":"(anonymous_2)","decl":{"start":{"line":34,"column":30},"end":{"line":34,"column":31}},"loc":{"start":{"line":34,"column":44},"end":{"line":36,"column":5}},"line":34},"3":{"name":"(anonymous_3)","decl":{"start":{"line":38,"column":40},"end":{"line":38,"column":41}},"loc":{"start":{"line":38,"column":46},"end":{"line":40,"column":3}},"line":38},"4":{"name":"(anonymous_4)","decl":{"start":{"line":42,"column":4},"end":{"line":42,"column":5}},"loc":{"start":{"line":42,"column":28},"end":{"line":44,"column":5}},"line":42},"5":{"name":"(anonymous_5)","decl":{"start":{"line":55,"column":32},"end":{"line":55,"column":33}},"loc":{"start":{"line":55,"column":38},"end":{"line":55,"column":57}},"line":55},"6":{"name":"(anonymous_6)","decl":{"start":{"line":61,"column":22},"end":{"line":61,"column":23}},"loc":{"start":{"line":61,"column":36},"end":{"line":61,"column":47}},"line":61},"7":{"name":"(anonymous_7)","decl":{"start":{"line":65,"column":20},"end":{"line":65,"column":21}},"loc":{"start":{"line":66,"column":10},"end":{"line":81,"column":30}},"line":66},"8":{"name":"(anonymous_8)","decl":{"start":{"line":67,"column":21},"end":{"line":67,"column":22}},"loc":{"start":{"line":67,"column":27},"end":{"line":67,"column":67}},"line":67}},"branchMap":{},"s":{"0":0,"1":0,"2":0,"3":0,"4":0,"5":0,"6":0,"7":0,"8":0,"9":0,"10":0,"11":0,"12":0,"13":0,"14":0,"15":0},"f":{"0":0,"1":0,"2":0,"3":0,"4":0,"5":0,"6":0,"7":0,"8":0},"b":{},"hash":"2adccd9c7bd2e83a06b4f6f3ca9a17c255e7ccc7"}
,"D:\\studies\\GoBarber-mobile\\src\\pages\\Profile\\index.tsx": {"path":"D:\\studies\\GoBarber-mobile\\src\\pages\\Profile\\index.tsx","statementMap":{"0":{"start":{"line":41,"column":25},"end":{"line":241,"column":1}},"1":{"start":{"line":42,"column":31},"end":{"line":42,"column":40}},"2":{"start":{"line":43,"column":18},"end":{"line":43,"column":43}},"3":{"start":{"line":44,"column":21},"end":{"line":44,"column":36}},"4":{"start":{"line":45,"column":24},"end":{"line":45,"column":47}},"5":{"start":{"line":46,"column":30},"end":{"line":46,"column":53}},"6":{"start":{"line":47,"column":27},"end":{"line":47,"column":50}},"7":{"start":{"line":48,"column":34},"end":{"line":48,"column":57}},"8":{"start":{"line":49,"column":23},"end":{"line":111,"column":3}},"9":{"start":{"line":51,"column":6},"end":{"line":108,"column":7}},"10":{"start":{"line":52,"column":8},"end":{"line":52,"column":39}},"11":{"start":{"line":53,"column":23},"end":{"line":71,"column":10}},"12":{"start":{"line":60,"column":25},"end":{"line":60,"column":37}},"13":{"start":{"line":66,"column":27},"end":{"line":66,"column":39}},"14":{"start":{"line":72,"column":8},"end":{"line":74,"column":11}},"15":{"start":{"line":81,"column":12},"end":{"line":81,"column":16}},"16":{"start":{"line":82,"column":25},"end":{"line":92,"column":9}},"17":{"start":{"line":94,"column":25},"end":{"line":94,"column":60}},"18":{"start":{"line":95,"column":8},"end":{"line":95,"column":40}},"19":{"start":{"line":96,"column":8},"end":{"line":96,"column":54}},"20":{"start":{"line":97,"column":8},"end":{"line":97,"column":28}},"21":{"start":{"line":99,"column":8},"end":{"line":103,"column":9}},"22":{"start":{"line":100,"column":25},"end":{"line":100,"column":49}},"23":{"start":{"line":101,"column":10},"end":{"line":101,"column":45}},"24":{"start":{"line":102,"column":10},"end":{"line":102,"column":17}},"25":{"start":{"line":104,"column":8},"end":{"line":107,"column":10}},"26":{"start":{"line":112,"column":29},"end":{"line":144,"column":8}},"27":{"start":{"line":113,"column":4},"end":{"line":143,"column":6}},"28":{"start":{"line":121,"column":8},"end":{"line":123,"column":9}},"29":{"start":{"line":122,"column":10},"end":{"line":122,"column":17}},"30":{"start":{"line":124,"column":8},"end":{"line":130,"column":9}},"31":{"start":{"line":125,"column":10},"end":{"line":128,"column":12}},"32":{"start":{"line":129,"column":10},"end":{"line":129,"column":17}},"33":{"start":{"line":132,"column":23},"end":{"line":132,"column":44}},"34":{"start":{"line":133,"column":21},"end":{"line":133,"column":35}},"35":{"start":{"line":134,"column":8},"end":{"line":138,"column":11}},"36":{"start":{"line":139,"column":8},"end":{"line":141,"column":11}},"37":{"start":{"line":140,"column":10},"end":{"line":140,"column":39}},"38":{"start":{"line":145,"column":23},"end":{"line":147,"column":18}},"39":{"start":{"line":146,"column":4},"end":{"line":146,"column":24}},"40":{"start":{"line":148,"column":2},"end":{"line":240,"column":4}},"41":{"start":{"line":181,"column":18},"end":{"line":181,"column":49}},"42":{"start":{"line":193,"column":39},"end":{"line":193,"column":75}},"43":{"start":{"line":205,"column":18},"end":{"line":205,"column":52}},"44":{"start":{"line":217,"column":18},"end":{"line":217,"column":59}},"45":{"start":{"line":229,"column":18},"end":{"line":229,"column":48}},"46":{"start":{"line":232,"column":37},"end":{"line":232,"column":66}}},"fnMap":{"0":{"name":"(anonymous_0)","decl":{"start":{"line":41,"column":25},"end":{"line":41,"column":26}},"loc":{"start":{"line":41,"column":31},"end":{"line":241,"column":1}},"line":41},"1":{"name":"(anonymous_1)","decl":{"start":{"line":50,"column":4},"end":{"line":50,"column":5}},"loc":{"start":{"line":50,"column":37},"end":{"line":109,"column":5}},"line":50},"2":{"name":"(anonymous_2)","decl":{"start":{"line":60,"column":16},"end":{"line":60,"column":17}},"loc":{"start":{"line":60,"column":25},"end":{"line":60,"column":37}},"line":60},"3":{"name":"(anonymous_3)","decl":{"start":{"line":66,"column":18},"end":{"line":66,"column":19}},"loc":{"start":{"line":66,"column":27},"end":{"line":66,"column":39}},"line":66},"4":{"name":"(anonymous_4)","decl":{"start":{"line":112,"column":41},"end":{"line":112,"column":42}},"loc":{"start":{"line":112,"column":47},"end":{"line":144,"column":3}},"line":112},"5":{"name":"(anonymous_5)","decl":{"start":{"line":120,"column":6},"end":{"line":120,"column":7}},"loc":{"start":{"line":120,"column":20},"end":{"line":142,"column":7}},"line":120},"6":{"name":"(anonymous_6)","decl":{"start":{"line":139,"column":45},"end":{"line":139,"column":46}},"loc":{"start":{"line":139,"column":62},"end":{"line":141,"column":9}},"line":139},"7":{"name":"(anonymous_7)","decl":{"start":{"line":145,"column":35},"end":{"line":145,"column":36}},"loc":{"start":{"line":145,"column":41},"end":{"line":147,"column":3}},"line":145},"8":{"name":"(anonymous_8)","decl":{"start":{"line":180,"column":33},"end":{"line":180,"column":34}},"loc":{"start":{"line":180,"column":39},"end":{"line":182,"column":17}},"line":180},"9":{"name":"(anonymous_9)","decl":{"start":{"line":193,"column":33},"end":{"line":193,"column":34}},"loc":{"start":{"line":193,"column":39},"end":{"line":193,"column":75}},"line":193},"10":{"name":"(anonymous_10)","decl":{"start":{"line":204,"column":33},"end":{"line":204,"column":34}},"loc":{"start":{"line":204,"column":39},"end":{"line":206,"column":17}},"line":204},"11":{"name":"(anonymous_11)","decl":{"start":{"line":216,"column":33},"end":{"line":216,"column":34}},"loc":{"start":{"line":216,"column":39},"end":{"line":218,"column":17}},"line":216},"12":{"name":"(anonymous_12)","decl":{"start":{"line":228,"column":33},"end":{"line":228,"column":34}},"loc":{"start":{"line":228,"column":39},"end":{"line":230,"column":17}},"line":228},"13":{"name":"(anonymous_13)","decl":{"start":{"line":232,"column":31},"end":{"line":232,"column":32}},"loc":{"start":{"line":232,"column":37},"end":{"line":232,"column":66}},"line":232}},"branchMap":{"0":{"loc":{"start":{"line":85,"column":14},"end":{"line":91,"column":16}},"type":"cond-expr","locations":[{"start":{"line":86,"column":14},"end":{"line":90,"column":15}},{"start":{"line":91,"column":14},"end":{"line":91,"column":16}}],"line":85},"1":{"loc":{"start":{"line":99,"column":8},"end":{"line":103,"column":9}},"type":"if","locations":[{"start":{"line":99,"column":8},"end":{"line":103,"column":9}},{"start":{"line":99,"column":8},"end":{"line":103,"column":9}}],"line":99},"2":{"loc":{"start":{"line":121,"column":8},"end":{"line":123,"column":9}},"type":"if","locations":[{"start":{"line":121,"column":8},"end":{"line":123,"column":9}},{"start":{"line":121,"column":8},"end":{"line":123,"column":9}}],"line":121},"3":{"loc":{"start":{"line":124,"column":8},"end":{"line":130,"column":9}},"type":"if","locations":[{"start":{"line":124,"column":8},"end":{"line":130,"column":9}},{"start":{"line":124,"column":8},"end":{"line":130,"column":9}}],"line":124},"4":{"loc":{"start":{"line":152,"column":18},"end":{"line":152,"column":63}},"type":"cond-expr","locations":[{"start":{"line":152,"column":42},"end":{"line":152,"column":51}},{"start":{"line":152,"column":54},"end":{"line":152,"column":63}}],"line":152}},"s":{"0":0,"1":0,"2":0,"3":0,"4":0,"5":0,"6":0,"7":0,"8":0,"9":0,"10":0,"11":0,"12":0,"13":0,"14":0,"15":0,"16":0,"17":0,"18":0,"19":0,"20":0,"21":0,"22":0,"23":0,"24":0,"25":0,"26":0,"27":0,"28":0,"29":0,"30":0,"31":0,"32":0,"33":0,"34":0,"35":0,"36":0,"37":0,"38":0,"39":0,"40":0,"41":0,"42":0,"43":0,"44":0,"45":0,"46":0},"f":{"0":0,"1":0,"2":0,"3":0,"4":0,"5":0,"6":0,"7":0,"8":0,"9":0,"10":0,"11":0,"12":0,"13":0},"b":{"0":[0,0],"1":[0,0],"2":[0,0],"3":[0,0],"4":[0,0]},"hash":"96f74fc4f324fb37e988d0ee44b83cd9735f4b78"}
,"D:\\studies\\GoBarber-mobile\\src\\pages\\SignIn\\index.tsx": {"path":"D:\\studies\\GoBarber-mobile\\src\\pages\\SignIn\\index.tsx","statementMap":{"0":{"start":{"line":34,"column":25},"end":{"line":127,"column":1}},"1":{"start":{"line":35,"column":18},"end":{"line":35,"column":43}},"2":{"start":{"line":36,"column":27},"end":{"line":36,"column":50}},"3":{"start":{"line":37,"column":21},"end":{"line":37,"column":36}},"4":{"start":{"line":38,"column":27},"end":{"line":38,"column":36}},"5":{"start":{"line":39,"column":23},"end":{"line":66,"column":3}},"6":{"start":{"line":41,"column":6},"end":{"line":63,"column":7}},"7":{"start":{"line":42,"column":8},"end":{"line":42,"column":39}},"8":{"start":{"line":43,"column":23},"end":{"line":48,"column":10}},"9":{"start":{"line":49,"column":8},"end":{"line":51,"column":11}},"10":{"start":{"line":53,"column":8},"end":{"line":53,"column":69}},"11":{"start":{"line":56,"column":8},"end":{"line":60,"column":9}},"12":{"start":{"line":57,"column":25},"end":{"line":57,"column":49}},"13":{"start":{"line":58,"column":10},"end":{"line":58,"column":45}},"14":{"start":{"line":59,"column":10},"end":{"line":59,"column":17}},"15":{"start":{"line":62,"column":8},"end":{"line":62,"column":79}},"16":{"start":{"line":67,"column":2},"end":{"line":126,"column":4}},"17":{"start":{"line":93,"column":18},"end":{"line":93,"column":52}},"18":{"start":{"line":104,"column":18},"end":{"line":104,"column":48}},"19":{"start":{"line":109,"column":18},"end":{"line":109,"column":48}},"20":{"start":{"line":121,"column":42},"end":{"line":121,"column":71}}},"fnMap":{"0":{"name":"(anonymous_0)","decl":{"start":{"line":34,"column":25},"end":{"line":34,"column":26}},"loc":{"start":{"line":34,"column":31},"end":{"line":127,"column":1}},"line":34},"1":{"name":"(anonymous_1)","decl":{"start":{"line":40,"column":4},"end":{"line":40,"column":5}},"loc":{"start":{"line":40,"column":36},"end":{"line":64,"column":5}},"line":40},"2":{"name":"(anonymous_2)","decl":{"start":{"line":92,"column":33},"end":{"line":92,"column":34}},"loc":{"start":{"line":92,"column":39},"end":{"line":94,"column":17}},"line":92},"3":{"name":"(anonymous_3)","decl":{"start":{"line":103,"column":33},"end":{"line":103,"column":34}},"loc":{"start":{"line":103,"column":39},"end":{"line":105,"column":17}},"line":103},"4":{"name":"(anonymous_4)","decl":{"start":{"line":108,"column":25},"end":{"line":108,"column":26}},"loc":{"start":{"line":108,"column":31},"end":{"line":110,"column":17}},"line":108},"5":{"name":"(anonymous_5)","decl":{"start":{"line":121,"column":36},"end":{"line":121,"column":37}},"loc":{"start":{"line":121,"column":42},"end":{"line":121,"column":71}},"line":121}},"branchMap":{"0":{"loc":{"start":{"line":56,"column":8},"end":{"line":60,"column":9}},"type":"if","locations":[{"start":{"line":56,"column":8},"end":{"line":60,"column":9}},{"start":{"line":56,"column":8},"end":{"line":60,"column":9}}],"line":56},"1":{"loc":{"start":{"line":71,"column":18},"end":{"line":71,"column":63}},"type":"cond-expr","locations":[{"start":{"line":71,"column":42},"end":{"line":71,"column":51}},{"start":{"line":71,"column":54},"end":{"line":71,"column":63}}],"line":71}},"s":{"0":1,"1":1,"2":1,"3":1,"4":1,"5":1,"6":0,"7":0,"8":0,"9":0,"10":0,"11":0,"12":0,"13":0,"14":0,"15":0,"16":1,"17":0,"18":0,"19":0,"20":0},"f":{"0":1,"1":0,"2":0,"3":0,"4":0,"5":0},"b":{"0":[0,0],"1":[1,0]},"_coverageSchema":"43e27e138ebf9cfc5966b082cf9a028302ed4184","hash":"8451a35110320253191908df7a00c7354466b0aa"}
,"D:\\studies\\GoBarber-mobile\\src\\pages\\SignUp\\index.tsx": {"path":"D:\\studies\\GoBarber-mobile\\src\\pages\\SignUp\\index.tsx","statementMap":{"0":{"start":{"line":29,"column":25},"end":{"line":133,"column":1}},"1":{"start":{"line":30,"column":18},"end":{"line":30,"column":43}},"2":{"start":{"line":31,"column":21},"end":{"line":31,"column":36}},"3":{"start":{"line":32,"column":24},"end":{"line":32,"column":47}},"4":{"start":{"line":33,"column":27},"end":{"line":33,"column":50}},"5":{"start":{"line":34,"column":23},"end":{"line":69,"column":3}},"6":{"start":{"line":36,"column":6},"end":{"line":66,"column":7}},"7":{"start":{"line":37,"column":8},"end":{"line":37,"column":39}},"8":{"start":{"line":38,"column":23},"end":{"line":46,"column":10}},"9":{"start":{"line":47,"column":8},"end":{"line":49,"column":11}},"10":{"start":{"line":50,"column":8},"end":{"line":50,"column":39}},"11":{"start":{"line":51,"column":8},"end":{"line":54,"column":10}},"12":{"start":{"line":55,"column":8},"end":{"line":55,"column":28}},"13":{"start":{"line":57,"column":8},"end":{"line":61,"column":9}},"14":{"start":{"line":58,"column":25},"end":{"line":58,"column":49}},"15":{"start":{"line":59,"column":10},"end":{"line":59,"column":45}},"16":{"start":{"line":60,"column":10},"end":{"line":60,"column":17}},"17":{"start":{"line":62,"column":8},"end":{"line":65,"column":10}},"18":{"start":{"line":70,"column":2},"end":{"line":132,"column":4}},"19":{"start":{"line":94,"column":18},"end":{"line":94,"column":49}},"20":{"start":{"line":106,"column":39},"end":{"line":106,"column":72}},"21":{"start":{"line":117,"column":18},"end":{"line":117,"column":48}},"22":{"start":{"line":120,"column":37},"end":{"line":120,"column":66}},"23":{"start":{"line":127,"column":35},"end":{"line":127,"column":62}}},"fnMap":{"0":{"name":"(anonymous_0)","decl":{"start":{"line":29,"column":25},"end":{"line":29,"column":26}},"loc":{"start":{"line":29,"column":31},"end":{"line":133,"column":1}},"line":29},"1":{"name":"(anonymous_1)","decl":{"start":{"line":35,"column":4},"end":{"line":35,"column":5}},"loc":{"start":{"line":35,"column":36},"end":{"line":67,"column":5}},"line":35},"2":{"name":"(anonymous_2)","decl":{"start":{"line":93,"column":33},"end":{"line":93,"column":34}},"loc":{"start":{"line":93,"column":39},"end":{"line":95,"column":17}},"line":93},"3":{"name":"(anonymous_3)","decl":{"start":{"line":106,"column":33},"end":{"line":106,"column":34}},"loc":{"start":{"line":106,"column":39},"end":{"line":106,"column":72}},"line":106},"4":{"name":"(anonymous_4)","decl":{"start":{"line":116,"column":33},"end":{"line":116,"column":34}},"loc":{"start":{"line":116,"column":39},"end":{"line":118,"column":17}},"line":116},"5":{"name":"(anonymous_5)","decl":{"start":{"line":120,"column":31},"end":{"line":120,"column":32}},"loc":{"start":{"line":120,"column":37},"end":{"line":120,"column":66}},"line":120},"6":{"name":"(anonymous_6)","decl":{"start":{"line":127,"column":29},"end":{"line":127,"column":30}},"loc":{"start":{"line":127,"column":35},"end":{"line":127,"column":62}},"line":127}},"branchMap":{"0":{"loc":{"start":{"line":57,"column":8},"end":{"line":61,"column":9}},"type":"if","locations":[{"start":{"line":57,"column":8},"end":{"line":61,"column":9}},{"start":{"line":57,"column":8},"end":{"line":61,"column":9}}],"line":57},"1":{"loc":{"start":{"line":74,"column":18},"end":{"line":74,"column":63}},"type":"cond-expr","locations":[{"start":{"line":74,"column":42},"end":{"line":74,"column":51}},{"start":{"line":74,"column":54},"end":{"line":74,"column":63}}],"line":74}},"s":{"0":0,"1":0,"2":0,"3":0,"4":0,"5":0,"6":0,"7":0,"8":0,"9":0,"10":0,"11":0,"12":0,"13":0,"14":0,"15":0,"16":0,"17":0,"18":0,"19":0,"20":0,"21":0,"22":0,"23":0},"f":{"0":0,"1":0,"2":0,"3":0,"4":0,"5":0,"6":0},"b":{"0":[0,0],"1":[0,0]},"hash":"cf7829f1e576cf983fb5896e90ff0ae4ffefb06c"}
}
