TN:
SF:D:\studies\GoBarber-mobile\src\components\Button\index.tsx
FN:9,(anonymous_0)
FNF:1
FNH:1
FNDA:1,(anonymous_0)
DA:9,1
DA:10,1
LF:2
LH:2
BRF:0
BRH:0
end_of_record
TN:
SF:D:\studies\GoBarber-mobile\src\components\Input\index.tsx
FN:24,(anonymous_0)
FN:33,(anonymous_1)
FN:36,(anonymous_2)
FN:40,(anonymous_3)
FN:41,(anonymous_4)
FN:45,(anonymous_5)
FN:50,(anonymous_6)
FN:54,(anonymous_7)
FN:75,(anonymous_8)
FNF:9
FNH:3
FNDA:2,(anonymous_0)
FNDA:0,(anonymous_1)
FNDA:0,(anonymous_2)
FNDA:1,(anonymous_3)
FNDA:0,(anonymous_4)
FNDA:2,(anonymous_5)
FNDA:0,(anonymous_6)
FNDA:0,(anonymous_7)
FNDA:0,(anonymous_8)
DA:24,1
DA:28,2
DA:29,2
DA:30,2
DA:31,2
DA:32,2
DA:33,2
DA:34,0
DA:36,2
DA:37,0
DA:38,0
DA:40,2
DA:42,0
DA:45,2
DA:46,2
DA:51,0
DA:52,0
DA:55,0
DA:56,0
DA:61,2
DA:76,0
LF:21
LH:12
BRDA:25,0,0,2
BRDA:29,1,0,2
BRDA:66,2,0,0
BRDA:66,2,1,2
BRDA:66,3,0,2
BRDA:66,3,1,2
BRF:6
BRH:5
end_of_record
TN:
SF:D:\studies\GoBarber-mobile\src\hooks\auth.tsx
FN:35,(anonymous_0)
FN:38,(anonymous_1)
FN:39,loadStoragedData
FN:52,(anonymous_3)
FN:69,(anonymous_4)
FN:74,(anonymous_5)
FN:91,useAuth
FNF:7
FNH:1
FNDA:0,(anonymous_0)
FNDA:0,(anonymous_1)
FNDA:0,loadStoragedData
FNDA:0,(anonymous_3)
FNDA:0,(anonymous_4)
FNDA:0,(anonymous_5)
FNDA:1,useAuth
DA:33,1
DA:35,1
DA:36,0
DA:37,0
DA:38,0
DA:40,0
DA:44,0
DA:45,0
DA:46,0
DA:48,0
DA:50,0
DA:52,0
DA:53,0
DA:57,0
DA:59,0
DA:63,0
DA:64,0
DA:69,0
DA:70,0
DA:71,0
DA:73,0
DA:75,0
DA:76,0
DA:83,0
DA:92,1
DA:93,1
DA:94,0
DA:96,1
LF:28
LH:5
BRDA:44,0,0,0
BRDA:44,0,1,0
BRDA:44,1,0,0
BRDA:44,1,1,0
BRDA:93,2,0,0
BRDA:93,2,1,1
BRF:6
BRH:1
end_of_record
TN:
SF:D:\studies\GoBarber-mobile\src\pages\AppointmentCreated\index.tsx
FN:17,(anonymous_0)
FN:21,(anonymous_1)
FN:34,(anonymous_2)
FNF:3
FNH:0
FNDA:0,(anonymous_0)
FNDA:0,(anonymous_1)
FNDA:0,(anonymous_2)
DA:17,0
DA:18,0
DA:19,0
DA:20,0
DA:21,0
DA:22,0
DA:34,0
DA:35,0
DA:41,0
LF:9
LH:0
BRF:0
BRH:0
end_of_record
TN:
SF:D:\studies\GoBarber-mobile\src\pages\CreateAppointment\index.tsx
FN:47,(anonymous_0)
FN:61,(anonymous_1)
FN:62,(anonymous_2)
FN:67,(anonymous_3)
FN:76,(anonymous_4)
FN:81,(anonymous_5)
FN:84,(anonymous_6)
FN:87,(anonymous_7)
FN:88,(anonymous_8)
FN:91,(anonymous_9)
FN:101,(anonymous_10)
FN:104,(anonymous_11)
FN:106,(anonymous_12)
FN:107,(anonymous_13)
FN:115,(anonymous_14)
FN:117,(anonymous_15)
FN:118,(anonymous_16)
FN:126,(anonymous_17)
FN:160,(anonymous_18)
FN:161,(anonymous_19)
FN:163,(anonymous_20)
FN:196,(anonymous_21)
FN:202,(anonymous_22)
FN:215,(anonymous_23)
FN:221,(anonymous_24)
FNF:25
FNH:0
FNDA:0,(anonymous_0)
FNDA:0,(anonymous_1)
FNDA:0,(anonymous_2)
FNDA:0,(anonymous_3)
FNDA:0,(anonymous_4)
FNDA:0,(anonymous_5)
FNDA:0,(anonymous_6)
FNDA:0,(anonymous_7)
FNDA:0,(anonymous_8)
FNDA:0,(anonymous_9)
FNDA:0,(anonymous_10)
FNDA:0,(anonymous_11)
FNDA:0,(anonymous_12)
FNDA:0,(anonymous_13)
FNDA:0,(anonymous_14)
FNDA:0,(anonymous_15)
FNDA:0,(anonymous_16)
FNDA:0,(anonymous_17)
FNDA:0,(anonymous_18)
FNDA:0,(anonymous_19)
FNDA:0,(anonymous_20)
FNDA:0,(anonymous_21)
FNDA:0,(anonymous_22)
FNDA:0,(anonymous_23)
FNDA:0,(anonymous_24)
DA:47,0
DA:48,0
DA:49,0
DA:50,0
DA:52,0
DA:53,0
DA:54,0
DA:55,0
DA:56,0
DA:57,0
DA:58,0
DA:61,0
DA:62,0
DA:63,0
DA:67,0
DA:68,0
DA:77,0
DA:81,0
DA:82,0
DA:84,0
DA:85,0
DA:87,0
DA:88,0
DA:90,0
DA:92,0
DA:93,0
DA:95,0
DA:96,0
DA:101,0
DA:102,0
DA:104,0
DA:105,0
DA:106,0
DA:108,0
DA:115,0
DA:116,0
DA:117,0
DA:119,0
DA:126,0
DA:127,0
DA:128,0
DA:129,0
DA:130,0
DA:131,0
DA:135,0
DA:139,0
DA:145,0
DA:160,0
DA:162,0
DA:163,0
DA:197,0
DA:202,0
DA:216,0
DA:221,0
LF:54
LH:0
BRDA:92,0,0,0
BRDA:92,0,1,0
BRDA:95,1,0,0
BRDA:95,1,1,0
BRDA:181,2,0,0
BRDA:181,2,1,0
BRF:6
BRH:0
end_of_record
TN:
SF:D:\studies\GoBarber-mobile\src\pages\Dashboard\index.tsx
FN:29,(anonymous_0)
FN:33,(anonymous_1)
FN:34,(anonymous_2)
FN:38,(anonymous_3)
FN:42,(anonymous_4)
FN:55,(anonymous_5)
FN:61,(anonymous_6)
FN:65,(anonymous_7)
FN:67,(anonymous_8)
FNF:9
FNH:0
FNDA:0,(anonymous_0)
FNDA:0,(anonymous_1)
FNDA:0,(anonymous_2)
FNDA:0,(anonymous_3)
FNDA:0,(anonymous_4)
FNDA:0,(anonymous_5)
FNDA:0,(anonymous_6)
FNDA:0,(anonymous_7)
FNDA:0,(anonymous_8)
DA:29,0
DA:30,0
DA:31,0
DA:32,0
DA:33,0
DA:34,0
DA:35,0
DA:38,0
DA:39,0
DA:41,0
DA:43,0
DA:47,0
DA:55,0
DA:61,0
DA:66,0
DA:67,0
LF:16
LH:0
BRF:0
BRH:0
end_of_record
TN:
SF:D:\studies\GoBarber-mobile\src\pages\Profile\index.tsx
FN:41,(anonymous_0)
FN:50,(anonymous_1)
FN:60,(anonymous_2)
FN:66,(anonymous_3)
FN:112,(anonymous_4)
FN:120,(anonymous_5)
FN:139,(anonymous_6)
FN:145,(anonymous_7)
FN:180,(anonymous_8)
FN:193,(anonymous_9)
FN:204,(anonymous_10)
FN:216,(anonymous_11)
FN:228,(anonymous_12)
FN:232,(anonymous_13)
FNF:14
FNH:0
FNDA:0,(anonymous_0)
FNDA:0,(anonymous_1)
FNDA:0,(anonymous_2)
FNDA:0,(anonymous_3)
FNDA:0,(anonymous_4)
FNDA:0,(anonymous_5)
FNDA:0,(anonymous_6)
FNDA:0,(anonymous_7)
FNDA:0,(anonymous_8)
FNDA:0,(anonymous_9)
FNDA:0,(anonymous_10)
FNDA:0,(anonymous_11)
FNDA:0,(anonymous_12)
FNDA:0,(anonymous_13)
DA:41,0
DA:42,0
DA:43,0
DA:44,0
DA:45,0
DA:46,0
DA:47,0
DA:48,0
DA:49,0
DA:51,0
DA:52,0
DA:53,0
DA:60,0
DA:66,0
DA:72,0
DA:81,0
DA:82,0
DA:94,0
DA:95,0
DA:96,0
DA:97,0
DA:99,0
DA:100,0
DA:101,0
DA:102,0
DA:104,0
DA:112,0
DA:113,0
DA:121,0
DA:122,0
DA:124,0
DA:125,0
DA:129,0
DA:132,0
DA:133,0
DA:134,0
DA:139,0
DA:140,0
DA:145,0
DA:146,0
DA:148,0
DA:181,0
DA:193,0
DA:205,0
DA:217,0
DA:229,0
DA:232,0
LF:47
LH:0
BRDA:85,0,0,0
BRDA:85,0,1,0
BRDA:99,1,0,0
BRDA:99,1,1,0
BRDA:121,2,0,0
BRDA:121,2,1,0
BRDA:124,3,0,0
BRDA:124,3,1,0
BRDA:152,4,0,0
BRDA:152,4,1,0
BRF:10
BRH:0
end_of_record
TN:
SF:D:\studies\GoBarber-mobile\src\pages\SignIn\index.tsx
FN:34,(anonymous_0)
FN:40,(anonymous_1)
FN:92,(anonymous_2)
FN:103,(anonymous_3)
FN:108,(anonymous_4)
FN:121,(anonymous_5)
FNF:6
FNH:1
FNDA:1,(anonymous_0)
FNDA:0,(anonymous_1)
FNDA:0,(anonymous_2)
FNDA:0,(anonymous_3)
FNDA:0,(anonymous_4)
FNDA:0,(anonymous_5)
DA:34,1
DA:35,1
DA:36,1
DA:37,1
DA:38,1
DA:39,1
DA:41,0
DA:42,0
DA:43,0
DA:49,0
DA:53,0
DA:56,0
DA:57,0
DA:58,0
DA:59,0
DA:62,0
DA:67,1
DA:93,0
DA:104,0
DA:109,0
DA:121,0
LF:21
LH:7
BRDA:56,0,0,0
BRDA:56,0,1,0
BRDA:71,1,0,1
BRDA:71,1,1,0
BRF:4
BRH:1
end_of_record
TN:
SF:D:\studies\GoBarber-mobile\src\pages\SignUp\index.tsx
FN:29,(anonymous_0)
FN:35,(anonymous_1)
FN:93,(anonymous_2)
FN:106,(anonymous_3)
FN:116,(anonymous_4)
FN:120,(anonymous_5)
FN:127,(anonymous_6)
FNF:7
FNH:0
FNDA:0,(anonymous_0)
FNDA:0,(anonymous_1)
FNDA:0,(anonymous_2)
FNDA:0,(anonymous_3)
FNDA:0,(anonymous_4)
FNDA:0,(anonymous_5)
FNDA:0,(anonymous_6)
DA:29,0
DA:30,0
DA:31,0
DA:32,0
DA:33,0
DA:34,0
DA:36,0
DA:37,0
DA:38,0
DA:47,0
DA:50,0
DA:51,0
DA:55,0
DA:57,0
DA:58,0
DA:59,0
DA:60,0
DA:62,0
DA:70,0
DA:94,0
DA:106,0
DA:117,0
DA:120,0
DA:127,0
LF:24
LH:0
BRDA:57,0,0,0
BRDA:57,0,1,0
BRDA:74,1,0,0
BRDA:74,1,1,0
BRF:4
BRH:0
end_of_record
